<?xml version="1.0" encoding="UTF-8"?>
<testng-results ignored="0" total="1" passed="1" failed="0" skipped="0">
  <reporter-output>
  </reporter-output>
  <suite started-at="2024-03-26T21:50:08 IST" name="Default suite" finished-at="2024-03-26T21:50:08 IST" duration-ms="67">
    <groups>
    </groups>
    <test started-at="2024-03-26T21:50:08 IST" name="Default test" finished-at="2024-03-26T21:50:08 IST" duration-ms="67">
      <class name="Pack1.TestNG">
        <test-method is-config="true" signature="beforeClass()[pri:0, instance:Pack1.TestNG@1ce24091]" started-at="2024-03-26T21:50:08 IST" name="beforeClass" finished-at="2024-03-26T21:50:08 IST" duration-ms="12" status="PASS">
          <reporter-output>
          </reporter-output>
        </test-method> <!-- beforeClass -->
        <test-method is-config="true" signature="beforeMethod()[pri:0, instance:Pack1.TestNG@1ce24091]" started-at="2024-03-26T21:50:08 IST" name="beforeMethod" finished-at="2024-03-26T21:50:08 IST" duration-ms="1" status="PASS">
          <reporter-output>
          </reporter-output>
        </test-method> <!-- beforeMethod -->
        <test-method signature="test()[pri:0, instance:Pack1.TestNG@1ce24091]" started-at="2024-03-26T21:50:08 IST" name="test" finished-at="2024-03-26T21:50:08 IST" duration-ms="8" status="PASS">
          <reporter-output>
          </reporter-output>
        </test-method> <!-- test -->
      </class> <!-- Pack1.TestNG -->
    </test> <!-- Default test -->
  </suite> <!-- Default suite -->
</testng-results>
